<?xml version="1.0" encoding="UTF-8"?>
<!-- Generated by org.testng.reporters.JUnitXMLReporter -->
<testsuite hostname="Marcelas-MBP.fios-router.home" name="Default test" tests="4" failures="0" timestamp="22 Jul 2020 14:54:54 GMT" time="26.432" errors="0">
  <testcase name="getTitle" time="0.067" classname="com.hubspot.tests.LoginPageTest"/>
  <testcase name="loginTest1" time="0.498" classname="com.hubspot.tests.LoginPageTest"/>
  <testcase name="loginTest2" time="0.52" classname="com.hubspot.tests.LoginPageTest"/>
  <testcase name="loginTest3" time="0.469" classname="com.hubspot.tests.LoginPageTest"/>
</testsuite> <!-- Default test -->
