<?xml version="1.0" encoding="UTF-8"?>
<testng-results skipped="0" failed="0" total="4" passed="4">
  <reporter-output>
  </reporter-output>
  <suite name="Default suite" duration-ms="26432" started-at="2020-07-22T14:54:27Z" finished-at="2020-07-22T14:54:54Z">
    <groups>
    </groups>
    <test name="Default test" duration-ms="26432" started-at="2020-07-22T14:54:27Z" finished-at="2020-07-22T14:54:54Z">
      <class name="com.hubspot.tests.LoginPageTest">
        <test-method status="PASS" signature="setUp()[pri:0, instance:com.hubspot.tests.LoginPageTest@77e9807f]" name="setUp" is-config="true" duration-ms="6550" started-at="2020-07-22T10:54:27Z" finished-at="2020-07-22T10:54:34Z">
          <reporter-output>
          </reporter-output>
        </test-method> <!-- setUp -->
        <test-method status="PASS" signature="getTitle()[pri:1, instance:com.hubspot.tests.LoginPageTest@77e9807f]" name="getTitle" duration-ms="67" started-at="2020-07-22T10:54:34Z" description="Get title from HubSpot Login page" finished-at="2020-07-22T10:54:34Z">
          <reporter-output>
          </reporter-output>
        </test-method> <!-- getTitle -->
        <test-method status="PASS" signature="tearDown()[pri:0, instance:com.hubspot.tests.LoginPageTest@77e9807f]" name="tearDown" is-config="true" duration-ms="88" started-at="2020-07-22T10:54:34Z" finished-at="2020-07-22T10:54:34Z">
          <reporter-output>
          </reporter-output>
        </test-method> <!-- tearDown -->
        <test-method status="PASS" signature="setUp()[pri:0, instance:com.hubspot.tests.LoginPageTest@77e9807f]" name="setUp" is-config="true" duration-ms="5929" started-at="2020-07-22T10:54:34Z" finished-at="2020-07-22T10:54:40Z">
          <reporter-output>
          </reporter-output>
        </test-method> <!-- setUp -->
        <test-method status="PASS" signature="loginTest1()[pri:2, instance:com.hubspot.tests.LoginPageTest@77e9807f]" name="loginTest1" duration-ms="498" started-at="2020-07-22T10:54:40Z" description="Login test using correct username and  correct password" finished-at="2020-07-22T10:54:40Z">
          <reporter-output>
          </reporter-output>
        </test-method> <!-- loginTest1 -->
        <test-method status="PASS" signature="tearDown()[pri:0, instance:com.hubspot.tests.LoginPageTest@77e9807f]" name="tearDown" is-config="true" duration-ms="99" started-at="2020-07-22T10:54:40Z" finished-at="2020-07-22T10:54:41Z">
          <reporter-output>
          </reporter-output>
        </test-method> <!-- tearDown -->
        <test-method status="PASS" signature="setUp()[pri:0, instance:com.hubspot.tests.LoginPageTest@77e9807f]" name="setUp" is-config="true" duration-ms="5973" started-at="2020-07-22T10:54:41Z" finished-at="2020-07-22T10:54:47Z">
          <reporter-output>
          </reporter-output>
        </test-method> <!-- setUp -->
        <test-method status="PASS" signature="loginTest2()[pri:3, instance:com.hubspot.tests.LoginPageTest@77e9807f]" name="loginTest2" duration-ms="520" started-at="2020-07-22T10:54:47Z" description="Login test using incorrect username and correct password" finished-at="2020-07-22T10:54:47Z">
          <reporter-output>
          </reporter-output>
        </test-method> <!-- loginTest2 -->
        <test-method status="PASS" signature="tearDown()[pri:0, instance:com.hubspot.tests.LoginPageTest@77e9807f]" name="tearDown" is-config="true" duration-ms="92" started-at="2020-07-22T10:54:47Z" finished-at="2020-07-22T10:54:47Z">
          <reporter-output>
          </reporter-output>
        </test-method> <!-- tearDown -->
        <test-method status="PASS" signature="setUp()[pri:0, instance:com.hubspot.tests.LoginPageTest@77e9807f]" name="setUp" is-config="true" duration-ms="6033" started-at="2020-07-22T10:54:47Z" finished-at="2020-07-22T10:54:53Z">
          <reporter-output>
          </reporter-output>
        </test-method> <!-- setUp -->
        <test-method status="PASS" signature="loginTest3()[pri:4, instance:com.hubspot.tests.LoginPageTest@77e9807f]" name="loginTest3" duration-ms="469" started-at="2020-07-22T10:54:53Z" description="Login test using incorrect username and  incrorrect password" finished-at="2020-07-22T10:54:54Z">
          <reporter-output>
          </reporter-output>
        </test-method> <!-- loginTest3 -->
        <test-method status="PASS" signature="tearDown()[pri:0, instance:com.hubspot.tests.LoginPageTest@77e9807f]" name="tearDown" is-config="true" duration-ms="87" started-at="2020-07-22T10:54:54Z" finished-at="2020-07-22T10:54:54Z">
          <reporter-output>
          </reporter-output>
        </test-method> <!-- tearDown -->
      </class> <!-- com.hubspot.tests.LoginPageTest -->
    </test> <!-- Default test -->
  </suite> <!-- Default suite -->
</testng-results>
